<?xml version="1.0" encoding="UTF-8"?>
<!-- Generated by org.testng.reporters.JUnitReportReporter -->
<testsuite hostname="DESKTOP-EVK9GMC" failures="0" tests="1" name="testNG.Tc2" time="10.978" errors="0" timestamp="2021-01-23T07:55:39 IST" skipped="0">
  <testcase classname="testNG.Tc2" name="tc2" time="10.978"/>
</testsuite> <!-- testNG.Tc2 -->
