<?xml version="1.0" encoding="UTF-8"?>
<!-- Generated by org.testng.reporters.JUnitReportReporter -->
<testsuite hostname="DESKTOP-EVK9GMC" failures="0" tests="5" name="testNG.Test2" time="0.038" errors="0" timestamp="2021-01-22T08:04:19 IST" skipped="1">
  <testcase classname="testNG.Test2" name="calls" time="0.024"/>
  <testcase classname="testNG.Test2" name="calls" time="0.002"/>
  <testcase classname="testNG.Test2" name="chats" time="0.006"/>
  <testcase classname="testNG.Test2" name="calls" time="0.006"/>
  <testcase classname="testNG.Test2" name="settings">
    <skipped/>
  </testcase> <!-- settings -->
</testsuite> <!-- testNG.Test2 -->
