<?xml version="1.0" encoding="UTF-8"?>
<!-- Generated by org.testng.reporters.JUnitReportReporter -->
<testsuite hostname="DESKTOP-EVK9GMC" failures="0" tests="3" name="testNG.Test1" time="0.048" errors="0" timestamp="2021-01-22T08:00:17 IST" skipped="0">
  <testcase classname="testNG.Test1" name="settings" time="0.033"/>
  <testcase classname="testNG.Test1" name="calls" time="0.010"/>
  <testcase classname="testNG.Test1" name="chats" time="0.005"/>
</testsuite> <!-- testNG.Test1 -->
