<?xml version="1.0" encoding="UTF-8"?>
<!-- Generated by org.testng.reporters.JUnitReportReporter -->
<testsuite hostname="DESKTOP-EVK9GMC" failures="0" tests="1" name="testNG.Tc1" time="9.308" errors="0" timestamp="2021-01-23T07:58:45 IST" skipped="0">
  <testcase classname="testNG.Tc1" name="login" time="9.308"/>
</testsuite> <!-- testNG.Tc1 -->
