<?xml version="1.0" encoding="UTF-8"?>
<!-- Generated by org.testng.reporters.JUnitReportReporter -->
<testsuite hostname="DESKTOP-EVK9GMC" failures="0" tests="2" name="testNG.Test5" time="46.978" errors="0" timestamp="2021-01-23T08:22:58 IST" skipped="0">
  <testcase classname="testNG.Test5" name="login" time="17.263"/>
  <testcase classname="testNG.Test5" name="login" time="29.715"/>
</testsuite> <!-- testNG.Test5 -->
